# JRE version: Java(TM) SE Runtime Environment (8.0_211-b12) (build 1.8.0_211-b12)
# Java VM: Java HotSpot(TM) 64-Bit Server VM (25.211-b12 mixed mode windows-amd64 compressed oops)
Heap:
 PSYoungGen      total 136192K, used 37245K [0x00000000eb600000, 0x00000000f6c00000, 0x0000000100000000)
  eden space 126464K, 21% used [0x00000000eb600000,0x00000000ed0e3d10,0x00000000f3180000)
  from space 9728K, 99% used [0x00000000f3180000,0x00000000f3afba60,0x00000000f3b00000)
  to   space 12288K, 0% used [0x00000000f6000000,0x00000000f6000000,0x00000000f6c00000)
 ParOldGen       total 52224K, used 18767K [0x00000000c2200000, 0x00000000c5500000, 0x00000000eb600000)
  object space 52224K, 35% used [0x00000000c2200000,0x00000000c3453e70,0x00000000c5500000)
 Metaspace       used 45677K, capacity 47830K, committed 48048K, reserved 1091584K
  class space    used 5876K, capacity 6315K, committed 6320K, reserved 1048576K
GC Heap History (10 events):
Event: 7.341 GC heap before
{Heap before GC invocations=9 (full 1):
 PSYoungGen      total 70144K, used 62976K [0x00000000eb600000, 0x00000000f3f00000, 0x0000000100000000)
  eden space 62976K, 100% used [0x00000000eb600000,0x00000000ef380000,0x00000000ef380000)
  from space 7168K, 0% used [0x00000000ef380000,0x00000000ef380000,0x00000000efa80000)
  to   space 7168K, 0% used [0x00000000f3800000,0x00000000f3800000,0x00000000f3f00000)
 ParOldGen       total 35840K, used 9435K [0x00000000c2200000, 0x00000000c4500000, 0x00000000eb600000)
  object space 35840K, 26% used [0x00000000c2200000,0x00000000c2b36ce8,0x00000000c4500000)
 Metaspace       used 24503K, capacity 25440K, committed 25648K, reserved 1071104K
  class space    used 3111K, capacity 3356K, committed 3376K, reserved 1048576K
Event: 7.349 GC heap after
Heap after GC invocations=9 (full 1):
 PSYoungGen      total 103936K, used 5793K [0x00000000eb600000, 0x00000000f3e00000, 0x0000000100000000)
  eden space 97792K, 0% used [0x00000000eb600000,0x00000000eb600000,0x00000000f1580000)
  from space 6144K, 94% used [0x00000000f3800000,0x00000000f3da8660,0x00000000f3e00000)
  to   space 7168K, 0% used [0x00000000f3000000,0x00000000f3000000,0x00000000f3700000)
 ParOldGen       total 35840K, used 9443K [0x00000000c2200000, 0x00000000c4500000, 0x00000000eb600000)
  object space 35840K, 26% used [0x00000000c2200000,0x00000000c2b38ce8,0x00000000c4500000)
 Metaspace       used 24503K, capacity 25440K, committed 25648K, reserved 1071104K
  class space    used 3111K, capacity 3356K, committed 3376K, reserved 1048576K
}
Event: 9.169 GC heap before
{Heap before GC invocations=10 (full 1):
 PSYoungGen      total 103936K, used 103585K [0x00000000eb600000, 0x00000000f3e00000, 0x0000000100000000)
  eden space 97792K, 100% used [0x00000000eb600000,0x00000000f1580000,0x00000000f1580000)
  from space 6144K, 94% used [0x00000000f3800000,0x00000000f3da8660,0x00000000f3e00000)
  to   space 7168K, 0% used [0x00000000f3000000,0x00000000f3000000,0x00000000f3700000)
 ParOldGen       total 35840K, used 9443K [0x00000000c2200000, 0x00000000c4500000, 0x00000000eb600000)
  object space 35840K, 26% used [0x00000000c2200000,0x00000000c2b38ce8,0x00000000c4500000)
 Metaspace       used 29545K, capacity 30802K, committed 31024K, reserved 1077248K
  class space    used 3778K, capacity 4049K, committed 4144K, reserved 1048576K
Event: 9.182 GC heap after
Heap after GC invocations=10 (full 1):
 PSYoungGen      total 132096K, used 7138K [0x00000000eb600000, 0x00000000f4400000, 0x0000000100000000)
  eden space 124928K, 0% used [0x00000000eb600000,0x00000000eb600000,0x00000000f3000000)
  from space 7168K, 99% used [0x00000000f3000000,0x00000000f36f8b90,0x00000000f3700000)
  to   space 9216K, 0% used [0x00000000f3b00000,0x00000000f3b00000,0x00000000f4400000)
 ParOldGen       total 35840K, used 12295K [0x00000000c2200000, 0x00000000c4500000, 0x00000000eb600000)
  object space 35840K, 34% used [0x00000000c2200000,0x00000000c2e01db0,0x00000000c4500000)
 Metaspace       used 29545K, capacity 30802K, committed 31024K, reserved 1077248K
  class space    used 3778K, capacity 4049K, committed 4144K, reserved 1048576K
}
Event: 10.669 GC heap before
{Heap before GC invocations=11 (full 1):
 PSYoungGen      total 132096K, used 62486K [0x00000000eb600000, 0x00000000f4400000, 0x0000000100000000)
  eden space 124928K, 44% used [0x00000000eb600000,0x00000000eec0cfb0,0x00000000f3000000)
  from space 7168K, 99% used [0x00000000f3000000,0x00000000f36f8b90,0x00000000f3700000)
  to   space 9216K, 0% used [0x00000000f3b00000,0x00000000f3b00000,0x00000000f4400000)
 ParOldGen       total 35840K, used 12295K [0x00000000c2200000, 0x00000000c4500000, 0x00000000eb600000)
  object space 35840K, 34% used [0x00000000c2200000,0x00000000c2e01db0,0x00000000c4500000)
 Metaspace       used 33600K, capacity 35372K, committed 35496K, reserved 1079296K
  class space    used 4477K, capacity 4830K, committed 4912K, reserved 1048576K
Event: 10.691 GC heap after
Heap after GC invocations=11 (full 1):
 PSYoungGen      total 135680K, used 7821K [0x00000000eb600000, 0x00000000f6580000, 0x0000000100000000)
  eden space 126464K, 0% used [0x00000000eb600000,0x00000000eb600000,0x00000000f3180000)
  from space 9216K, 84% used [0x00000000f3b00000,0x00000000f42a3780,0x00000000f4400000)
  to   space 9728K, 0% used [0x00000000f3180000,0x00000000f3180000,0x00000000f3b00000)
 ParOldGen       total 35840K, used 13970K [0x00000000c2200000, 0x00000000c4500000, 0x00000000eb600000)
  object space 35840K, 38% used [0x00000000c2200000,0x00000000c2fa4988,0x00000000c4500000)
 Metaspace       used 33600K, capacity 35372K, committed 35496K, reserved 1079296K
  class space    used 4477K, capacity 4830K, committed 4912K, reserved 1048576K
}
Event: 10.691 GC heap before
{Heap before GC invocations=12 (full 2):
 PSYoungGen      total 135680K, used 7821K [0x00000000eb600000, 0x00000000f6580000, 0x0000000100000000)
  eden space 126464K, 0% used [0x00000000eb600000,0x00000000eb600000,0x00000000f3180000)
  from space 9216K, 84% used [0x00000000f3b00000,0x00000000f42a3780,0x00000000f4400000)
  to   space 9728K, 0% used [0x00000000f3180000,0x00000000f3180000,0x00000000f3b00000)
 ParOldGen       total 35840K, used 13970K [0x00000000c2200000, 0x00000000c4500000, 0x00000000eb600000)
  object space 35840K, 38% used [0x00000000c2200000,0x00000000c2fa4988,0x00000000c4500000)
 Metaspace       used 33600K, capacity 35372K, committed 35496K, reserved 1079296K
  class space    used 4477K, capacity 4830K, committed 4912K, reserved 1048576K
Event: 10.803 GC heap after
Heap after GC invocations=12 (full 2):
 PSYoungGen      total 135680K, used 0K [0x00000000eb600000, 0x00000000f6580000, 0x0000000100000000)
  eden space 126464K, 0% used [0x00000000eb600000,0x00000000eb600000,0x00000000f3180000)
  from space 9216K, 0% used [0x00000000f3b00000,0x00000000f3b00000,0x00000000f4400000)
  to   space 9728K, 0% used [0x00000000f3180000,0x00000000f3180000,0x00000000f3b00000)
 ParOldGen       total 52224K, used 14102K [0x00000000c2200000, 0x00000000c5500000, 0x00000000eb600000)
  object space 52224K, 27% used [0x00000000c2200000,0x00000000c2fc5bb0,0x00000000c5500000)
 Metaspace       used 33600K, capacity 35372K, committed 35496K, reserved 1079296K
  class space    used 4477K, capacity 4830K, committed 4912K, reserved 1048576K
}
Event: 14.384 GC heap before
{Heap before GC invocations=13 (full 2):
 PSYoungGen      total 135680K, used 126464K [0x00000000eb600000, 0x00000000f6580000, 0x0000000100000000)
  eden space 126464K, 100% used [0x00000000eb600000,0x00000000f3180000,0x00000000f3180000)
  from space 9216K, 0% used [0x00000000f3b00000,0x00000000f3b00000,0x00000000f4400000)
  to   space 9728K, 0% used [0x00000000f3180000,0x00000000f3180000,0x00000000f3b00000)
 ParOldGen       total 52224K, used 14102K [0x00000000c2200000, 0x00000000c5500000, 0x00000000eb600000)
  object space 52224K, 27% used [0x00000000c2200000,0x00000000c2fc5bb0,0x00000000c5500000)
 Metaspace       used 43460K, capacity 45524K, committed 45616K, reserved 1089536K
  class space    used 5526K, capacity 5924K, committed 5936K, reserved 1048576K
Event: 14.402 GC heap after
Heap after GC invocations=13 (full 2):
 PSYoungGen      total 136192K, used 9710K [0x00000000eb600000, 0x00000000f6c00000, 0x0000000100000000)
  eden space 126464K, 0% used [0x00000000eb600000,0x00000000eb600000,0x00000000f3180000)
  from space 9728K, 99% used [0x00000000f3180000,0x00000000f3afba60,0x00000000f3b00000)
  to   space 12288K, 0% used [0x00000000f6000000,0x00000000f6000000,0x00000000f6c00000)
 ParOldGen       total 52224K, used 18767K [0x00000000c2200000, 0x00000000c5500000, 0x00000000eb600000)
  object space 52224K, 35% used [0x00000000c2200000,0x00000000c3453e70,0x00000000c5500000)
 Metaspace       used 43460K, capacity 45524K, committed 45616K, reserved 1089536K
  class space    used 5526K, capacity 5924K, committed 5936K, reserved 1048576K
}

