# JRE version: Java(TM) SE Runtime Environment (8.0_211-b12) (build 1.8.0_211-b12)
# Java VM: Java HotSpot(TM) 64-Bit Server VM (25.211-b12 mixed mode windows-amd64 compressed oops)
Heap:
 PSYoungGen      total 165376K, used 43483K [0x00000000eb600000, 0x00000000f7b00000, 0x0000000100000000)
  eden space 156160K, 27% used [0x00000000eb600000,0x00000000ee076df8,0x00000000f4e80000)
  from space 9216K, 0% used [0x00000000f5800000,0x00000000f5800000,0x00000000f6100000)
  to   space 9728K, 0% used [0x00000000f4e80000,0x00000000f4e80000,0x00000000f5800000)
 ParOldGen       total 48128K, used 13853K [0x00000000c2200000, 0x00000000c5100000, 0x00000000eb600000)
  object space 48128K, 28% used [0x00000000c2200000,0x00000000c2f87710,0x00000000c5100000)
 Metaspace       used 35919K, capacity 37722K, committed 37888K, reserved 1081344K
  class space    used 4725K, capacity 5095K, committed 5120K, reserved 1048576K
GC Heap History (10 events):
Event: 6.833 GC heap before
{Heap before GC invocations=8 (full 1):
 PSYoungGen      total 70144K, used 5140K [0x00000000eb600000, 0x00000000f3f00000, 0x0000000100000000)
  eden space 62976K, 0% used [0x00000000eb600000,0x00000000eb600000,0x00000000ef380000)
  from space 7168K, 71% used [0x00000000ef380000,0x00000000ef8851a0,0x00000000efa80000)
  to   space 7168K, 0% used [0x00000000f3800000,0x00000000f3800000,0x00000000f3f00000)
 ParOldGen       total 42496K, used 11027K [0x00000000c2200000, 0x00000000c4b80000, 0x00000000eb600000)
  object space 42496K, 25% used [0x00000000c2200000,0x00000000c2cc4d68,0x00000000c4b80000)
 Metaspace       used 20566K, capacity 21182K, committed 21248K, reserved 1067008K
  class space    used 2644K, capacity 2808K, committed 2816K, reserved 1048576K
Event: 6.882 GC heap after
Heap after GC invocations=8 (full 1):
 PSYoungGen      total 70144K, used 0K [0x00000000eb600000, 0x00000000f3f00000, 0x0000000100000000)
  eden space 62976K, 0% used [0x00000000eb600000,0x00000000eb600000,0x00000000ef380000)
  from space 7168K, 0% used [0x00000000ef380000,0x00000000ef380000,0x00000000efa80000)
  to   space 7168K, 0% used [0x00000000f3800000,0x00000000f3800000,0x00000000f3f00000)
 ParOldGen       total 31232K, used 7543K [0x00000000c2200000, 0x00000000c4080000, 0x00000000eb600000)
  object space 31232K, 24% used [0x00000000c2200000,0x00000000c295dd50,0x00000000c4080000)
 Metaspace       used 20566K, capacity 21182K, committed 21248K, reserved 1067008K
  class space    used 2644K, capacity 2808K, committed 2816K, reserved 1048576K
}
Event: 10.878 GC heap before
{Heap before GC invocations=9 (full 1):
 PSYoungGen      total 70144K, used 62976K [0x00000000eb600000, 0x00000000f3f00000, 0x0000000100000000)
  eden space 62976K, 100% used [0x00000000eb600000,0x00000000ef380000,0x00000000ef380000)
  from space 7168K, 0% used [0x00000000ef380000,0x00000000ef380000,0x00000000efa80000)
  to   space 7168K, 0% used [0x00000000f3800000,0x00000000f3800000,0x00000000f3f00000)
 ParOldGen       total 31232K, used 7543K [0x00000000c2200000, 0x00000000c4080000, 0x00000000eb600000)
  object space 31232K, 24% used [0x00000000c2200000,0x00000000c295dd50,0x00000000c4080000)
 Metaspace       used 24512K, capacity 25504K, committed 25728K, reserved 1071104K
  class space    used 3108K, capacity 3356K, committed 3456K, reserved 1048576K
Event: 10.898 GC heap after
Heap after GC invocations=9 (full 1):
 PSYoungGen      total 113664K, used 5832K [0x00000000eb600000, 0x00000000f3e00000, 0x0000000100000000)
  eden space 107520K, 0% used [0x00000000eb600000,0x00000000eb600000,0x00000000f1f00000)
  from space 6144K, 94% used [0x00000000f3800000,0x00000000f3db20a0,0x00000000f3e00000)
  to   space 7168K, 0% used [0x00000000f3000000,0x00000000f3000000,0x00000000f3700000)
 ParOldGen       total 31232K, used 7551K [0x00000000c2200000, 0x00000000c4080000, 0x00000000eb600000)
  object space 31232K, 24% used [0x00000000c2200000,0x00000000c295fd50,0x00000000c4080000)
 Metaspace       used 24512K, capacity 25504K, committed 25728K, reserved 1071104K
  class space    used 3108K, capacity 3356K, committed 3456K, reserved 1048576K
}
Event: 13.714 GC heap before
{Heap before GC invocations=10 (full 1):
 PSYoungGen      total 113664K, used 113352K [0x00000000eb600000, 0x00000000f3e00000, 0x0000000100000000)
  eden space 107520K, 100% used [0x00000000eb600000,0x00000000f1f00000,0x00000000f1f00000)
  from space 6144K, 94% used [0x00000000f3800000,0x00000000f3db20a0,0x00000000f3e00000)
  to   space 7168K, 0% used [0x00000000f3000000,0x00000000f3000000,0x00000000f3700000)
 ParOldGen       total 31232K, used 7551K [0x00000000c2200000, 0x00000000c4080000, 0x00000000eb600000)
  object space 31232K, 24% used [0x00000000c2200000,0x00000000c295fd50,0x00000000c4080000)
 Metaspace       used 30331K, capacity 31624K, committed 31872K, reserved 1077248K
  class space    used 3879K, capacity 4160K, committed 4224K, reserved 1048576K
Event: 13.831 GC heap after
Heap after GC invocations=10 (full 1):
 PSYoungGen      total 132096K, used 7155K [0x00000000eb600000, 0x00000000f6100000, 0x0000000100000000)
  eden space 124928K, 0% used [0x00000000eb600000,0x00000000eb600000,0x00000000f3000000)
  from space 7168K, 99% used [0x00000000f3000000,0x00000000f36fcf70,0x00000000f3700000)
  to   space 9216K, 0% used [0x00000000f5800000,0x00000000f5800000,0x00000000f6100000)
 ParOldGen       total 31232K, used 11213K [0x00000000c2200000, 0x00000000c4080000, 0x00000000eb600000)
  object space 31232K, 35% used [0x00000000c2200000,0x00000000c2cf36a0,0x00000000c4080000)
 Metaspace       used 30331K, capacity 31624K, committed 31872K, reserved 1077248K
  class space    used 3879K, capacity 4160K, committed 4224K, reserved 1048576K
}
Event: 15.494 GC heap before
{Heap before GC invocations=11 (full 1):
 PSYoungGen      total 132096K, used 51555K [0x00000000eb600000, 0x00000000f6100000, 0x0000000100000000)
  eden space 124928K, 35% used [0x00000000eb600000,0x00000000ee15bcf0,0x00000000f3000000)
  from space 7168K, 99% used [0x00000000f3000000,0x00000000f36fcf70,0x00000000f3700000)
  to   space 9216K, 0% used [0x00000000f5800000,0x00000000f5800000,0x00000000f6100000)
 ParOldGen       total 31232K, used 11213K [0x00000000c2200000, 0x00000000c4080000, 0x00000000eb600000)
  object space 31232K, 35% used [0x00000000c2200000,0x00000000c2cf36a0,0x00000000c4080000)
 Metaspace       used 33607K, capacity 35332K, committed 35416K, reserved 1079296K
  class space    used 4476K, capacity 4798K, committed 4864K, reserved 1048576K
Event: 15.547 GC heap after
Heap after GC invocations=11 (full 1):
 PSYoungGen      total 165376K, used 7367K [0x00000000eb600000, 0x00000000f7b00000, 0x0000000100000000)
  eden space 156160K, 0% used [0x00000000eb600000,0x00000000eb600000,0x00000000f4e80000)
  from space 9216K, 79% used [0x00000000f5800000,0x00000000f5f31c20,0x00000000f6100000)
  to   space 9728K, 0% used [0x00000000f4e80000,0x00000000f4e80000,0x00000000f5800000)
 ParOldGen       total 31232K, used 12880K [0x00000000c2200000, 0x00000000c4080000, 0x00000000eb600000)
  object space 31232K, 41% used [0x00000000c2200000,0x00000000c2e94278,0x00000000c4080000)
 Metaspace       used 33607K, capacity 35332K, committed 35416K, reserved 1079296K
  class space    used 4476K, capacity 4798K, committed 4864K, reserved 1048576K
}
Event: 15.548 GC heap before
{Heap before GC invocations=12 (full 2):
 PSYoungGen      total 165376K, used 7367K [0x00000000eb600000, 0x00000000f7b00000, 0x0000000100000000)
  eden space 156160K, 0% used [0x00000000eb600000,0x00000000eb600000,0x00000000f4e80000)
  from space 9216K, 79% used [0x00000000f5800000,0x00000000f5f31c20,0x00000000f6100000)
  to   space 9728K, 0% used [0x00000000f4e80000,0x00000000f4e80000,0x00000000f5800000)
 ParOldGen       total 31232K, used 12880K [0x00000000c2200000, 0x00000000c4080000, 0x00000000eb600000)
  object space 31232K, 41% used [0x00000000c2200000,0x00000000c2e94278,0x00000000c4080000)
 Metaspace       used 33607K, capacity 35332K, committed 35416K, reserved 1079296K
  class space    used 4476K, capacity 4798K, committed 4864K, reserved 1048576K
Event: 15.882 GC heap after
Heap after GC invocations=12 (full 2):
 PSYoungGen      total 165376K, used 0K [0x00000000eb600000, 0x00000000f7b00000, 0x0000000100000000)
  eden space 156160K, 0% used [0x00000000eb600000,0x00000000eb600000,0x00000000f4e80000)
  from space 9216K, 0% used [0x00000000f5800000,0x00000000f5800000,0x00000000f6100000)
  to   space 9728K, 0% used [0x00000000f4e80000,0x00000000f4e80000,0x00000000f5800000)
 ParOldGen       total 48128K, used 13853K [0x00000000c2200000, 0x00000000c5100000, 0x00000000eb600000)
  object space 48128K, 28% used [0x00000000c2200000,0x00000000c2f87710,0x00000000c5100000)
 Metaspace       used 33607K, capacity 35332K, committed 35416K, reserved 1079296K
  class space    used 4476K, capacity 4798K, committed 4864K, reserved 1048576K
}

